Started by user unknown or anonymous
Running as SYSTEM
Building remotely on [8mha:////4PLYyqbwVj46olzwcIg4vz16KduVbxpJUqSRivmxuDBtAAAAnh+LCAAAAAAAAP9b85aBtbiIQTGjNKU4P08vOT+vOD8nVc83PyU1x6OyILUoJzMv2y+/JJUBAhiZGBgqihhk0NSjKDWzXb3RdlLBUSYGJk8GtpzUvPSSDB8G5tKinBIGIZ+sxLJE/ZzEvHT94JKizLx0a6BxUmjGOUNodHsLgAyuEgYR/eT83ILSktQifZBh8YnpqXklAIdX1B3JAAAA[0mjava_agent (java_env) in workspace /home/ec2-user/jprodfile/workspace/java_project1
No credentials specified
 > git rev-parse --is-inside-work-tree # timeout=10
Fetching changes from the remote Git repository
 > git config remote.origin.url https://github.com/jayaprakashvikas/mavenprojects.git # timeout=10
Fetching upstream changes from https://github.com/jayaprakashvikas/mavenprojects.git
 > git --version # timeout=10
 > git fetch --tags --progress -- https://github.com/jayaprakashvikas/mavenprojects.git +refs/heads/*:refs/remotes/origin/* # timeout=10
 > git rev-parse refs/remotes/origin/master^{commit} # timeout=10
 > git rev-parse refs/remotes/origin/origin/master^{commit} # timeout=10
Checking out Revision 5fc7ed81e1cd3f40876ceac27410c9fcb711696f (refs/remotes/origin/master)
 > git config core.sparsecheckout # timeout=10
 > git checkout -f 5fc7ed81e1cd3f40876ceac27410c9fcb711696f # timeout=10
Commit message: "unwanted"
 > git rev-list --no-walk 5fc7ed81e1cd3f40876ceac27410c9fcb711696f # timeout=10
[java_project1] $ mvn clean package
[INFO] Scanning for projects...
[INFO] 
[INFO] ----------------------< com.webapp:samplewebapp >-----------------------
[INFO] Building samplewebapp Maven Webapp 1.0
[INFO] --------------------------------[ war ]---------------------------------
[INFO] 
[8mha:////4Jbba9HIgusStruJfKP3yPzU8QmdFahTMXPjGYLPOcAFAAAAYB+LCAAAAAAAAP9b85aBtbiIQSmjNKU4P0+vJLE4u1gvPjexLDVPzxdEGvvmZ+X75ZekLlOVfvTjc8FPJgaGiiIGKaiG5Py84vycVD1nCA1SyAABjCCFBQCV27OjYAAAAA==[0m[INFO] --- maven-clean-plugin:2.5:clean (default-clean) @ samplewebapp ---
[INFO] Deleting /home/ec2-user/jprodfile/workspace/java_project1/target
[INFO] 
[8mha:////4Jbba9HIgusStruJfKP3yPzU8QmdFahTMXPjGYLPOcAFAAAAYB+LCAAAAAAAAP9b85aBtbiIQSmjNKU4P0+vJLE4u1gvPjexLDVPzxdEGvvmZ+X75ZekLlOVfvTjc8FPJgaGiiIGKaiG5Py84vycVD1nCA1SyAABjCCFBQCV27OjYAAAAA==[0m[INFO] --- maven-resources-plugin:2.6:resources (default-resources) @ samplewebapp ---
[8mha:////4JSpP6XkDwMLYF/0FN8AQFgjrBmKpiV/GVAC6YtW/MqUAAAAYx+LCAAAAAAAAP9b85aBtbiIQSWjNKU4P0+vJLE4u1gvPjexLDVPzxdEhicW5WXmpfvll6S2fNly5fzGzauYGBgqihikoFqS8/OK83NS9ZwhNEghAwQwghQWAACwxA+XYgAAAA==[0m[WARNING] Using platform encoding (UTF-8 actually) to copy filtered resources, i.e. build is platform dependent!
[INFO] skip non existing resourceDirectory /home/ec2-user/jprodfile/workspace/java_project1/src/main/resources
[INFO] 
[8mha:////4Jbba9HIgusStruJfKP3yPzU8QmdFahTMXPjGYLPOcAFAAAAYB+LCAAAAAAAAP9b85aBtbiIQSmjNKU4P0+vJLE4u1gvPjexLDVPzxdEGvvmZ+X75ZekLlOVfvTjc8FPJgaGiiIGKaiG5Py84vycVD1nCA1SyAABjCCFBQCV27OjYAAAAA==[0m[INFO] --- maven-compiler-plugin:3.1:compile (default-compile) @ samplewebapp ---
[INFO] No sources to compile
[INFO] 
[8mha:////4Jbba9HIgusStruJfKP3yPzU8QmdFahTMXPjGYLPOcAFAAAAYB+LCAAAAAAAAP9b85aBtbiIQSmjNKU4P0+vJLE4u1gvPjexLDVPzxdEGvvmZ+X75ZekLlOVfvTjc8FPJgaGiiIGKaiG5Py84vycVD1nCA1SyAABjCCFBQCV27OjYAAAAA==[0m[INFO] --- maven-resources-plugin:2.6:testResources (default-testResources) @ samplewebapp ---
[8mha:////4JSpP6XkDwMLYF/0FN8AQFgjrBmKpiV/GVAC6YtW/MqUAAAAYx+LCAAAAAAAAP9b85aBtbiIQSWjNKU4P0+vJLE4u1gvPjexLDVPzxdEhicW5WXmpfvll6S2fNly5fzGzauYGBgqihikoFqS8/OK83NS9ZwhNEghAwQwghQWAACwxA+XYgAAAA==[0m[WARNING] Using platform encoding (UTF-8 actually) to copy filtered resources, i.e. build is platform dependent!
[INFO] skip non existing resourceDirectory /home/ec2-user/jprodfile/workspace/java_project1/src/test/resources
[INFO] 
[8mha:////4Jbba9HIgusStruJfKP3yPzU8QmdFahTMXPjGYLPOcAFAAAAYB+LCAAAAAAAAP9b85aBtbiIQSmjNKU4P0+vJLE4u1gvPjexLDVPzxdEGvvmZ+X75ZekLlOVfvTjc8FPJgaGiiIGKaiG5Py84vycVD1nCA1SyAABjCCFBQCV27OjYAAAAA==[0m[INFO] --- maven-compiler-plugin:3.1:testCompile (default-testCompile) @ samplewebapp ---
[INFO] No sources to compile
[INFO] 
[8mha:////4Jbba9HIgusStruJfKP3yPzU8QmdFahTMXPjGYLPOcAFAAAAYB+LCAAAAAAAAP9b85aBtbiIQSmjNKU4P0+vJLE4u1gvPjexLDVPzxdEGvvmZ+X75ZekLlOVfvTjc8FPJgaGiiIGKaiG5Py84vycVD1nCA1SyAABjCCFBQCV27OjYAAAAA==[0m[INFO] --- maven-surefire-plugin:2.12.4:test (default-test) @ samplewebapp ---
[INFO] No tests to run.
[INFO] 
[8mha:////4Jbba9HIgusStruJfKP3yPzU8QmdFahTMXPjGYLPOcAFAAAAYB+LCAAAAAAAAP9b85aBtbiIQSmjNKU4P0+vJLE4u1gvPjexLDVPzxdEGvvmZ+X75ZekLlOVfvTjc8FPJgaGiiIGKaiG5Py84vycVD1nCA1SyAABjCCFBQCV27OjYAAAAA==[0m[INFO] --- maven-war-plugin:2.2:war (default-war) @ samplewebapp ---
[INFO] Packaging webapp
[INFO] Assembling webapp [samplewebapp] in [/home/ec2-user/jprodfile/workspace/java_project1/target/samplewebapp]
[INFO] Processing war project
[INFO] Copying webapp resources [/home/ec2-user/jprodfile/workspace/java_project1/src/main/webapp]
[INFO] Webapp assembled in [44 msecs]
[INFO] Building war: /home/ec2-user/jprodfile/workspace/java_project1/target/samplewebapp.war
[INFO] WEB-INF/web.xml already added, skipping
[INFO] ------------------------------------------------------------------------
[INFO] BUILD SUCCESS
[INFO] ------------------------------------------------------------------------
[INFO] Total time: 2.301 s
[INFO] Finished at: 2020-01-13T10:53:58Z
[INFO] ------------------------------------------------------------------------
ERROR: Step â€˜Deploy war/ear to a containerâ€™ aborted due to exception: 
Also:   hudson.remoting.Channel$CallSiteStackTrace: Remote call to java_agent
		at hudson.remoting.Channel.attachCallSiteStackTrace(Channel.java:1741)
		at hudson.remoting.UserRequest$ExceptionResponse.retrieve(UserRequest.java:356)
		at hudson.remoting.Channel.call(Channel.java:955)
		at hudson.FilePath.act(FilePath.java:1069)
		at hudson.FilePath.act(FilePath.java:1058)
		at hudson.FilePath.list(FilePath.java:1892)
		at hudson.FilePath.list(FilePath.java:1876)
		at hudson.FilePath.list(FilePath.java:1861)
		at hudson.plugins.deploy.DeployPublisher.perform(DeployPublisher.java:105)
		at hudson.tasks.BuildStepCompatibilityLayer.perform(BuildStepCompatibilityLayer.java:78)
		at hudson.tasks.BuildStepMonitor$3.perform(BuildStepMonitor.java:45)
		at hudson.model.AbstractBuild$AbstractBuildExecution.perform(AbstractBuild.java:741)
		at hudson.model.AbstractBuild$AbstractBuildExecution.performAllBuildSteps(AbstractBuild.java:690)
		at hudson.model.Build$BuildExecution.post2(Build.java:186)
		at hudson.model.AbstractBuild$AbstractBuildExecution.post(AbstractBuild.java:635)
		at hudson.model.Run.execute(Run.java:1878)
		at hudson.model.FreeStyleBuild.run(FreeStyleBuild.java:43)
		at hudson.model.ResourceController.execute(ResourceController.java:97)
		at hudson.model.Executor.run(Executor.java:427)
java.io.IOException: Expecting Ant GLOB pattern, but saw '/target/samplewebapp.war'. See http://ant.apache.org/manual/Types/fileset.html for syntax
	at hudson.FilePath.glob(FilePath.java:1925)
	at hudson.FilePath.access$3200(FilePath.java:211)
	at hudson.FilePath$ListGlob.invoke(FilePath.java:1906)
	at hudson.FilePath$ListGlob.invoke(FilePath.java:1894)
	at hudson.FilePath$FileCallableWrapper.call(FilePath.java:3069)
	at hudson.remoting.UserRequest.perform(UserRequest.java:211)
	at hudson.remoting.UserRequest.perform(UserRequest.java:54)
	at hudson.remoting.Request$2.run(Request.java:369)
	at hudson.remoting.InterceptingExecutorService$1.call(InterceptingExecutorService.java:72)
	at java.util.concurrent.FutureTask.run(FutureTask.java:266)
	at java.util.concurrent.ThreadPoolExecutor.runWorker(ThreadPoolExecutor.java:1149)
	at java.util.concurrent.ThreadPoolExecutor$Worker.run(ThreadPoolExecutor.java:624)
	at java.lang.Thread.run(Thread.java:748)
Finished: FAILURE
